app/seeds.txt
com.freshfastfood.activity.VerifyPhoneActivity: void onClick(android.view.View)
com.freshfastfood.model.SubcatItem: java.lang.String mId
com.freshfastfood.model.SubCategory: java.lang.String mResult
com.freshfastfood.model.Product: java.lang.String mResponseCode
com.freshfastfood.activity.ChanegPasswordActivity
com.freshfastfood.model.ResultHome: com.freshfastfood.model.MainDataHome Main_Data
com.freshfastfood.fragment.CategoryFragment_ViewBinding: CategoryFragment_ViewBinding(com.freshfastfood.fragment.CategoryFragment,android.view.View)
com.freshfastfood.activity.LoginActivity
com.freshfastfood.fragment.ItemListFragment_ViewBinding: ItemListFragment_ViewBinding(com.freshfastfood.fragment.ItemListFragment,android.view.View)
com.freshfastfood.model.MyOrder: java.util.List mProductinfo
com.freshfastfood.model.Order
com.freshfastfood.activity.ItemDetailsActivity_ViewBinding: ItemDetailsActivity_ViewBinding(com.freshfastfood.activity.ItemDetailsActivity,android.view.View)
com.freshfastfood.model.CCode: java.lang.String mId
com.freshfastfood.model.PaymentItem
com.freshfastfood.model.Home: java.lang.String mResponseCode
com.freshfastfood.model.DynamicData
com.freshfastfood.activity.PrivecyPolicyActivity_ViewBinding: PrivecyPolicyActivity_ViewBinding(com.freshfastfood.activity.PrivecyPolicyActivity,android.view.View)
com.freshfastfood.activity.FeedBackActivity_ViewBinding
com.freshfastfood.activity.SelectAreaActivity_ViewBinding: SelectAreaActivity_ViewBinding(com.freshfastfood.activity.SelectAreaActivity,android.view.View)
com.freshfastfood.utils.AutoScrollViewPager: void setSlideBorderMode(int)
com.freshfastfood.model.Address: java.lang.String pincode
com.freshfastfood.utils.AutoScrollViewPager: AutoScrollViewPager(android.content.Context,android.util.AttributeSet)
com.freshfastfood.model.Address: java.lang.String area
com.freshfastfood.activity.LoginActivity_ViewBinding
com.freshfastfood.model.OrderDatum: java.lang.String mId
com.freshfastfood.activity.BaseActivity: BaseActivity()
com.freshfastfood.model.AddressData
com.freshfastfood.model.Payment: java.util.List mData
com.freshfastfood.activity.RatesActivity
com.freshfastfood.model.MainDataHome: java.lang.String about_us
com.freshfastfood.activity.ForgotActivity_ViewBinding: ForgotActivity_ViewBinding(com.freshfastfood.activity.ForgotActivity,android.view.View)
com.freshfastfood.model.ProductItem: java.lang.String productRelatedImage
com.freshfastfood.model.ResNoti
com.freshfastfood.adepter.ReletedItemAdp$ViewHolder_ViewBinding
com.freshfastfood.model.Productinfo
com.freshfastfood.fragment.AddressFragment$SelectAdrsAdapter$ViewHolder_ViewBinding: AddressFragment$SelectAdrsAdapter$ViewHolder_ViewBinding(com.freshfastfood.fragment.AddressFragment$SelectAdrsAdapter$ViewHolder,android.view.View)
com.freshfastfood.activity.AddressActivity_ViewBinding
com.freshfastfood.activity.NotificationActivity: NotificationActivity()
com.freshfastfood.fragment.SubCategoryFragment_ViewBinding: SubCategoryFragment_ViewBinding(com.freshfastfood.fragment.SubCategoryFragment,android.view.View)
com.freshfastfood.activity.ContectusActivity_ViewBinding: ContectusActivity_ViewBinding(com.freshfastfood.activity.ContectusActivity,android.view.View)
com.freshfastfood.model.MyOrder: java.lang.String AddressType
com.freshfastfood.model.OrderDatum: java.lang.String totalamt
com.freshfastfood.model.ReadNoti: java.lang.String mResult
com.freshfastfood.fragment.AddressFragment$SelectAdrsAdapter$ViewHolder_ViewBinding
com.freshfastfood.model.BannerItem
com.freshfastfood.activity.HomeActivity: void onViewClicked(android.view.View)
com.freshfastfood.model.Price: java.lang.String mProductPrice
com.freshfastfood.model.ProductItem
com.freshfastfood.model.Home
com.freshfastfood.model.User: java.lang.String hno
com.freshfastfood.model.Address: float deliveryCharge
com.freshfastfood.activity.FirstActivity: FirstActivity()
com.freshfastfood.adepter.ReletedItemAllAdp$ViewHolder_ViewBinding
...
com.google.android.material.R$style: int Platform_Widget_AppCompat_Spinner
com.razorpay.R$styleable: int FontFamily_fontProviderAuthority
com.razorpay.R$drawable: int rzp_border_bottom
com.razorpay.PluginOtpElfCheckoutPresenterImpl: void setCheckoutBody(java.lang.String)
com.google.android.material.R$style: int Base_V28_Theme_AppCompat
com.merhold.extensiblepageindicator.R$styleable: int AppCompatTheme_dialogCornerRadius
com.google.android.material.R$styleable: int Chip_closeIconEnabled
com.razorpay.R$layout: int abc_alert_dialog_button_bar_material
io.card.payment.CardType: io.card.payment.CardType MAESTRO
com.google.android.material.R$attr: int passwordToggleTintMode
com.razorpay.AnalyticsConstants: java.lang.String CONTACT
com.razorpay.AnalyticsConstants: java.lang.String AMAZONPAY_SOURCE
com.razorpay.R$style: int TextAppearance_AppCompat_Widget_DropDownItem
com.merhold.extensiblepageindicator.R$dimen: int abc_action_bar_default_padding_start_material
com.razorpay.R$color: int abc_color_highlight_material
com.kofigyan.stateprogressbar.R$styleable: int ActionBar_itemPadding
com.razorpay.R$style: int TextAppearance_Compat_Notification_Title
com.razorpay.D$_X_: com.razorpay.O_$B_ presenter
com.google.android.material.R$styleable: int[] MaterialAlertDialogTheme
com.google.android.material.R$id: int accessibility_custom_action_28
androidx.appcompat.R$styleable: int AppCompatTheme_android_windowIsFloating
com.google.android.material.R$id: int title_template
androidx.appcompat.R$id: int action_bar_activity_content
com.razorpay.R$dimen: int abc_dialog_list_padding_top_no_title
com.razorpay.R$id: int search_badge
com.google.android.material.R$attr: int listChoiceIndicatorSingleAnimated
com.razorpay.R$styleable: int ActionBar_displayOptions
androidx.core.widget.NestedScrollView: int getScrollRange()
com.google.android.material.R$styleable: int ActionBar_titleTextStyle
com.razorpay.R$style: int Base_TextAppearance_AppCompat_Medium
com.google.android.material.R$style: int MaterialAlertDialog_MaterialComponents_Picker_Date_Spinner
com.razorpay.Y$_o$$6
com.google.android.material.R$attr: int actionBarSize
androidx.appcompat.widget.AppCompatSpinner: android.graphics.drawable.Drawable getPopupBackground()
com.kofigyan.stateprogressbar.R$styleable: int CompoundButton_buttonTintMode
androidx.appcompat.R$style: int RtlOverlay_Widget_AppCompat_PopupMenuItem
com.kofigyan.stateprogressbar.R$string: int abc_toolbar_collapse_description
com.razorpay.r$_Y_: java.lang.Boolean J$_0_
com.google.android.material.R$id: int icon_group
com.google.android.material.R$attr: int textAppearanceSearchResultSubtitle
com.google.android.material.R$style: int Base_Theme_AppCompat_Dialog_Alert
androidx.appcompat.widget.Toolbar: int getContentInsetEnd()
androidx.appcompat.R$styleable: int AppCompatTheme_searchViewStyle
androidx.appcompat.view.menu.ListMenuItemView: void setCheckable(boolean)
androidx.media.AudioAttributesCompatParcelizer
com.razorpay.h__y_: void $$a()
com.google.android.material.R$attr: int materialButtonToggleGroupStyle
com.google.android.material.R$drawable: int ic_menu_arrow_up_black_24dp
com.google.android.material.R$dimen: int mtrl_extended_fab_corner_radius
com.google.android.material.R$styleable: int ColorStateListItem_android_alpha
com.razorpay.R$style: int Widget_AppCompat_CompoundButton_Switch
com.razorpay.R$id: int search_voice_btn
com.google.android.material.R$styleable: int FloatingActionButton_useCompatPadding
com.google.android.material.bottomappbar.BottomAppBar$SavedState: android.os.Parcelable$Creator CREATOR
com.google.android.material.R$styleable: int AppCompatSeekBar_tickMarkTintMode
com.google.android.material.R$string: int mtrl_picker_text_input_date_range_start_hint
com.razorpay.R$id: int wrap_content
androidx.appcompat.R$color: int background_material_dark
androidx.transition.R$id: int save_overlay_view
androidx.appcompat.R$dimen: int abc_text_size_body_2_material