app/unused.txt
com.freshfastfood.model.Times:
    public void setData(java.util.List)
    public java.lang.String getResponseCode()
    public void setResponseCode(java.lang.String)
    public java.lang.String getResponseMsg()
    public void setResponseMsg(java.lang.String)
    public java.lang.String getResult()
    public void setResult(java.lang.String)
com.freshfastfood.model.PaymentItem:
    public void setCredTitle(java.lang.String)
    public void setCredValue(java.lang.String)
    public java.lang.String getId()
    public void setId(java.lang.String)
    public void setImg(java.lang.String)
    public java.lang.String getStatus()
    public void setStatus(java.lang.String)
    public void setTitle(java.lang.String)
com.freshfastfood.retrofit.APIClient:
    public void <init>()
    public static final java.lang.String APPEND_URL
com.freshfastfood.activity.VerifyPhoneActivity_ViewBinding:
    public void <init>(com.freshfastfood.activity.VerifyPhoneActivity)
com.freshfastfood.activity.SelectAreaActivity_ViewBinding:
    public void <init>(com.freshfastfood.activity.SelectAreaActivity)
com.freshfastfood.utils.MemoryCache
com.freshfastfood.activity.HomeActivity:
    public android.widget.EditText passThisEditText()
com.freshfastfood.R$interpolator
com.freshfastfood.R$anim
com.freshfastfood.model.LoginUser:
    public int getdCharge()
    public void setdCharge(int)
    public java.lang.String getResponseCode()
    public void setResponseCode(java.lang.String)
    public void setResponseMsg(java.lang.String)
    public void setResult(java.lang.String)
    public void setUser(com.freshfastfood.model.User)
com.freshfastfood.R$drawable
com.freshfastfood.activity.SingActivity_ViewBinding:
    public void <init>(com.freshfastfood.activity.SingActivity)
com.freshfastfood.utils.ImageLoader$PhotosLoader
com.freshfastfood.database.MyCart:
    public java.lang.String getID()
com.freshfastfood.utils.ImageLoader
com.freshfastfood.R$animator
com.freshfastfood.fragment.SubCategoryFragment:
    public static com.freshfastfood.fragment.SubCategoryFragment newInstance(java.lang.String,java.lang.String)
    public void onLongClickItem(android.view.View,int)
com.freshfastfood.activity.FeedBackActivity_ViewBinding:
    public void <init>(com.freshfastfood.activity.FeedBackActivity)
com.freshfastfood.activity.ProfileActivity:
    private void UpdateUser()
    public static boolean isEmailValid(java.lang.String)
com.freshfastfood.model.BannerItem:
    public void setCid(java.lang.String)
    public void setBimg(java.lang.String)
    public java.lang.String getId()
    public void setId(java.lang.String)
com.freshfastfood.R$string
com.freshfastfood.fragment.CategoryFragment:
    public static com.freshfastfood.fragment.CategoryFragment newInstance(java.lang.String,java.lang.String)
    public void onLongClickItem(android.view.View,int)
    private static final java.lang.String ARG_PARAM1
    private static final java.lang.String ARG_PARAM2
com.freshfastfood.model.Price:
    public void setProductPrice(java.lang.String)
    public void setProductType(java.lang.String)
com.freshfastfood.fragment.PlaceOrderFragment:
    public static com.freshfastfood.fragment.PlaceOrderFragment newInstance(java.lang.String,java.lang.String)
    private static final java.lang.String ARG_PARAM1
    private static final java.lang.String ARG_PARAM2
com.freshfastfood.model.CatItem:
    public void setCount(java.lang.String)
    public void setCatimg(java.lang.String)
    public void setCatname(java.lang.String)
    public void setId(java.lang.String)
com.freshfastfood.model.DynamicData:
    public void setTitle(java.lang.String)
    public void setDynamicItems(java.util.List)
com.freshfastfood.model.OrderDatum:
    public void setTotalamt(java.lang.String)
    public void setId(java.lang.String)
    public java.lang.String getOid()
    public void setOid(java.lang.String)
    public java.lang.String getOrderDate()
    public void setOrderDate(java.lang.String)
...
androidx.core.content.pm.ShortcutInfoCompat$Builder
androidx.appcompat.R$dimen:
    private void <init>()
permission.auron.com.marshmallowpermissionhelper.FragmentManagePermission
androidx.fragment.app.FragmentManager:
    public static void enableDebugLogging(boolean)
    public androidx.fragment.app.FragmentTransaction openTransaction()
    public abstract boolean executePendingTransactions()
    public abstract boolean popBackStackImmediate(java.lang.String,int)
    public abstract boolean popBackStackImmediate(int,int)
    public abstract int getBackStackEntryCount()
    public abstract androidx.fragment.app.FragmentManager$BackStackEntry getBackStackEntryAt(int)
    public abstract void addOnBackStackChangedListener(androidx.fragment.app.FragmentManager$OnBackStackChangedListener)
    public abstract void removeOnBackStackChangedListener(androidx.fragment.app.FragmentManager$OnBackStackChangedListener)
    public abstract void putFragment(android.os.Bundle,java.lang.String,androidx.fragment.app.Fragment)
    public abstract androidx.fragment.app.Fragment getFragment(android.os.Bundle,java.lang.String)
    public abstract androidx.fragment.app.Fragment$SavedState saveFragmentInstanceState(androidx.fragment.app.Fragment)
    public abstract boolean isDestroyed()
    public abstract androidx.fragment.app.Fragment getPrimaryNavigationFragment()
    public abstract boolean isStateSaved()
    public static final int POP_BACK_STACK_INCLUSIVE
dagger.internal.MapFactory$Builder
com.kofigyan.stateprogressbar.R$color:
    private void <init>()
com.google.android.gms.common.api.internal.IStatusCallback
androidx.lifecycle.ComputableLiveData$3
androidx.core.graphics.drawable.RoundedBitmapDrawable21
com.google.android.gms.internal.firebase_auth.zzhf
com.crashlytics.android.answers.SessionAnalyticsManager:
    public void onCustom(com.crashlytics.android.answers.CustomEvent)
    public void onPredefined(com.crashlytics.android.answers.PredefinedEvent)
    public void onError(java.lang.String)
    static final java.lang.String EXECUTOR_SERVICE
    static final java.lang.String ON_CRASH_ERROR_MSG
androidx.fragment.app.FragmentTransition:
    static boolean supportsTransition()
    private void <init>()
com.google.android.material.bottomappbar.BottomAppBar$1
androidx.loader.R$attr
androidx.browser.customtabs.CustomTabsSession:
    public static androidx.browser.customtabs.CustomTabsSession createMockSessionForTesting(android.content.ComponentName)
    public boolean setActionButton(android.graphics.Bitmap,java.lang.String)
    public boolean setSecondaryToolbarViews(android.widget.RemoteViews,int[],android.app.PendingIntent)
    public boolean setToolbarItem(int,android.graphics.Bitmap,java.lang.String)
    public boolean requestPostMessageChannel(android.net.Uri)
    public int postMessage(java.lang.String,android.os.Bundle)
    public boolean validateRelationship(int,android.net.Uri,android.os.Bundle)
    private static final java.lang.String TAG
com.bumptech.glide.disklrucache.DiskLruCache$Editor:
    private java.io.InputStream newInputStream(int)
    public java.lang.String getString(int)
    public void set(int,java.lang.String)
com.kofigyan.stateprogressbar.R$attr
com.google.android.gms.common.internal.ResolveAccountResponse:
    public void <init>(com.google.android.gms.common.ConnectionResult)
    public void <init>(int)
    public com.google.android.gms.common.internal.ResolveAccountResponse setAccountAccessor(com.google.android.gms.common.internal.IAccountAccessor)
    public com.google.android.gms.common.internal.ResolveAccountResponse setSaveDefaultAccount(boolean)
    public com.google.android.gms.common.internal.ResolveAccountResponse setIsFromCrossClientAuth(boolean)
androidx.appcompat.widget.ShareActionProvider$ShareActivityChooserModelPolicy
com.google.android.material.snackbar.BaseTransientBottomBar$BaseCallback$DismissEvent